2018-07-26T13:56:05.072Z - info: Initializing jsreport@2.1.1 in development mode using configuration file: none
2018-07-26T13:56:05.080Z - info: Searching for available extensions in /home/sqleslava/Documentos/Albums/upld/
2018-07-26T13:56:05.085Z - info: Extensions location cache /tmp/jsreport/core/locations.json contains older information, crawling
2018-07-26T13:56:05.304Z - info: Found 32 extensions
2018-07-26T13:56:05.317Z - debug: Writing extension locations cache to /tmp/jsreport/core/locations.json
2018-07-26T13:56:05.318Z - debug: Discovered 32 extensions
2018-07-26T13:56:05.358Z - info: Setting process based strategy for rendering. Please visit http://jsreport.net/learn/configuration for information how to get more performance.
2018-07-26T13:56:05.362Z - info: Using extension handlebars
2018-07-26T13:56:05.365Z - info: Using extension jsrender
2018-07-26T13:56:05.366Z - info: Using extension templates
2018-07-26T13:56:05.369Z - info: Using extension authentication
2018-07-26T13:56:05.425Z - debug: Extension authentication was disabled
2018-07-26T13:56:05.425Z - info: Using extension import-export
2018-07-26T13:56:05.573Z - info: Using extension freeze
2018-07-26T13:56:05.575Z - info: Using extension cli
2018-07-26T13:56:05.575Z - info: Using extension express
2018-07-26T13:56:05.713Z - info: Using extension debug
2018-07-26T13:56:05.715Z - info: Using extension tags
2018-07-26T13:56:05.720Z - info: Using extension data
2018-07-26T13:56:05.727Z - info: Using extension fs-store
2018-07-26T13:56:05.918Z - debug: Extension fs-store was disabled
2018-07-26T13:56:05.918Z - info: Using extension authorization
2018-07-26T13:56:05.920Z - debug: Extension authorization was disabled
2018-07-26T13:56:05.920Z - info: Using extension html-to-xlsx
2018-07-26T13:56:06.054Z - info: html-to-xlsx detected chrome as available html engine
2018-07-26T13:56:06.054Z - info: Using extension child-templates
2018-07-26T13:56:06.105Z - info: Using extension browser-client
2018-07-26T13:56:06.107Z - info: Using extension licensing
2018-07-26T13:56:06.165Z - info: Using extension chrome-pdf
2018-07-26T13:56:06.171Z - info: Using extension phantom-pdf
2018-07-26T13:56:06.210Z - info: Using extension version-control
2018-07-26T13:56:06.231Z - info: Using extension reports
2018-07-26T13:56:06.264Z - info: Using extension text
2018-07-26T13:56:06.265Z - info: Using extension base
2018-07-26T13:56:06.267Z - info: Using extension studio
2018-07-26T13:56:06.327Z - info: Using extension pdf-utils
2018-07-26T13:56:06.509Z - info: Using extension scripts
2018-07-26T13:56:06.552Z - info: Using extension assets
2018-07-26T13:56:06.615Z - info: Using extension scheduling
2018-07-26T13:56:06.647Z - info: Using extension xlsx
2018-07-26T13:56:06.701Z - info: Using extension sample-template
2018-07-26T13:56:06.737Z - debug: Creating samples is disabled
2018-07-26T13:56:06.737Z - info: Using extension resources
2018-07-26T13:56:06.798Z - info: Using extension public-templates
2018-07-26T13:56:06.801Z - debug: Extension public-templates was disabled
2018-07-26T13:56:06.828Z - info: Configuring routes for existing express app.
2018-07-26T13:56:06.851Z - info: Using existing server instance.
2018-07-26T13:56:06.853Z - info: Verifying license key free
2018-07-26T13:56:06.858Z - info: Using free license
2018-07-26T13:56:06.861Z - info: reporter initialized
2018-07-26T13:56:06.871Z - info: Starting rendering request 1 (user: null)
2018-07-26T13:56:06.872Z - info: Rendering anonymous template { recipe: chrome-pdf, engine: handlebars }
2018-07-26T13:56:06.873Z - debug: Inline data specified.
2018-07-26T13:56:06.874Z - debug: Resources not defined for this template.
2018-07-26T13:56:06.883Z - debug: Base url not specified, skipping its injection.
2018-07-26T13:56:06.884Z - debug: Rendering engine handlebars
2018-07-26T13:56:16.904Z - warn: Error when processing render request Timeout error during executing script Error: Timeout error during executing script
    at Timeout._onTimeout (/home/sqleslava/Documentos/Albums/upld/node_modules/script-manager/lib/manager-processes.js:24:8)
    at ontimeout (timers.js:466:11)
    at Timer.unrefdHandle (timers.js:578:5)
2018-07-26T13:58:06.498Z - info: Initializing jsreport@2.1.1 in development mode using configuration file: none
2018-07-26T13:58:06.500Z - info: Searching for available extensions in /home/sqleslava/Documentos/Albums/upld/
2018-07-26T13:58:06.507Z - info: Extensions location cache contains up to date information, skipping crawling in /home/sqleslava/Documentos/Albums/upld/
2018-07-26T13:58:06.511Z - info: Found 32 extensions
2018-07-26T13:58:06.527Z - debug: Writing extension locations cache to /tmp/jsreport/core/locations.json
2018-07-26T13:58:06.529Z - debug: Discovered 32 extensions
2018-07-26T13:58:06.582Z - info: Setting process based strategy for rendering. Please visit http://jsreport.net/learn/configuration for information how to get more performance.
2018-07-26T13:58:06.588Z - info: Using extension handlebars
2018-07-26T13:58:06.590Z - info: Using extension jsrender
2018-07-26T13:58:06.591Z - info: Using extension templates
2018-07-26T13:58:06.593Z - info: Using extension authentication
2018-07-26T13:58:06.653Z - debug: Extension authentication was disabled
2018-07-26T13:58:06.654Z - info: Using extension import-export
2018-07-26T13:58:06.803Z - info: Using extension freeze
2018-07-26T13:58:06.805Z - info: Using extension cli
2018-07-26T13:58:06.806Z - info: Using extension express
2018-07-26T13:58:06.902Z - info: Using extension debug
2018-07-26T13:58:06.904Z - info: Using extension tags
2018-07-26T13:58:06.907Z - info: Using extension data
2018-07-26T13:58:06.909Z - info: Using extension fs-store
2018-07-26T13:58:07.074Z - debug: Extension fs-store was disabled
2018-07-26T13:58:07.074Z - info: Using extension authorization
2018-07-26T13:58:07.076Z - debug: Extension authorization was disabled
2018-07-26T13:58:07.076Z - info: Using extension html-to-xlsx
2018-07-26T13:58:07.199Z - info: html-to-xlsx detected chrome as available html engine
2018-07-26T13:58:07.199Z - info: Using extension child-templates
2018-07-26T13:58:07.254Z - info: Using extension browser-client
2018-07-26T13:58:07.256Z - info: Using extension licensing
2018-07-26T13:58:07.321Z - info: Using extension chrome-pdf
2018-07-26T13:58:07.325Z - info: Using extension phantom-pdf
2018-07-26T13:58:07.368Z - info: Using extension version-control
2018-07-26T13:58:07.388Z - info: Using extension reports
2018-07-26T13:58:07.442Z - info: Using extension text
2018-07-26T13:58:07.443Z - info: Using extension base
2018-07-26T13:58:07.446Z - info: Using extension studio
2018-07-26T13:58:07.495Z - info: Using extension pdf-utils
2018-07-26T13:58:07.673Z - info: Using extension scripts
2018-07-26T13:58:07.737Z - info: Using extension assets
2018-07-26T13:58:07.815Z - info: Using extension scheduling
2018-07-26T13:58:07.858Z - info: Using extension xlsx
2018-07-26T13:58:07.916Z - info: Using extension sample-template
2018-07-26T13:58:07.953Z - debug: Creating samples is disabled
2018-07-26T13:58:07.953Z - info: Using extension resources
2018-07-26T13:58:07.989Z - info: Using extension public-templates
2018-07-26T13:58:07.992Z - debug: Extension public-templates was disabled
2018-07-26T13:58:08.023Z - info: Configuring routes for existing express app.
2018-07-26T13:58:08.043Z - info: Using existing server instance.
2018-07-26T13:58:08.053Z - info: Verifying license key free
2018-07-26T13:58:08.055Z - info: Using free license
2018-07-26T13:58:08.058Z - info: reporter initialized
2018-07-26T13:58:08.072Z - info: Starting rendering request 1 (user: null)
2018-07-26T13:58:08.080Z - info: Rendering anonymous template { recipe: chrome-pdf, engine: handlebars }
2018-07-26T13:58:08.081Z - debug: Inline data specified.
2018-07-26T13:58:08.082Z - debug: Resources not defined for this template.
2018-07-26T13:58:08.113Z - debug: Base url not specified, skipping its injection.
2018-07-26T13:58:08.117Z - debug: Rendering engine handlebars
2018-07-26T13:58:18.150Z - warn: Error when processing render request Timeout error during executing script Error: Timeout error during executing script
    at Timeout._onTimeout (/home/sqleslava/Documentos/Albums/upld/node_modules/script-manager/lib/manager-processes.js:24:8)
    at ontimeout (timers.js:466:11)
    at Timer.unrefdHandle (timers.js:578:5)
2018-07-26T14:02:19.265Z - info: Initializing jsreport@2.1.1 in development mode using configuration file: none
2018-07-26T14:02:19.271Z - info: Searching for available extensions in /home/sqleslava/Documentos/Albums/upld/
2018-07-26T14:02:19.279Z - info: Extensions location cache contains up to date information, skipping crawling in /home/sqleslava/Documentos/Albums/upld/
2018-07-26T14:02:19.283Z - info: Found 32 extensions
2018-07-26T14:02:19.296Z - debug: Writing extension locations cache to /tmp/jsreport/core/locations.json
2018-07-26T14:02:19.297Z - debug: Discovered 32 extensions
2018-07-26T14:02:19.350Z - info: Setting process based strategy for rendering. Please visit http://jsreport.net/learn/configuration for information how to get more performance.
2018-07-26T14:02:19.355Z - info: Using extension handlebars
2018-07-26T14:02:19.359Z - info: Using extension jsrender
2018-07-26T14:02:19.360Z - info: Using extension templates
2018-07-26T14:02:19.364Z - info: Using extension authentication
2018-07-26T14:02:19.433Z - debug: Extension authentication was disabled
2018-07-26T14:02:19.434Z - info: Using extension import-export
2018-07-26T14:02:19.615Z - info: Using extension freeze
2018-07-26T14:02:19.617Z - info: Using extension cli
2018-07-26T14:02:19.617Z - info: Using extension express
2018-07-26T14:02:19.722Z - info: Using extension debug
2018-07-26T14:02:19.724Z - info: Using extension tags
2018-07-26T14:02:19.727Z - info: Using extension data
2018-07-26T14:02:19.729Z - info: Using extension fs-store
2018-07-26T14:02:19.912Z - debug: Extension fs-store was disabled
2018-07-26T14:02:19.912Z - info: Using extension authorization
2018-07-26T14:02:19.914Z - debug: Extension authorization was disabled
2018-07-26T14:02:19.914Z - info: Using extension html-to-xlsx
2018-07-26T14:02:20.039Z - info: html-to-xlsx detected chrome as available html engine
2018-07-26T14:02:20.040Z - info: Using extension child-templates
2018-07-26T14:02:20.086Z - info: Using extension browser-client
2018-07-26T14:02:20.088Z - info: Using extension licensing
2018-07-26T14:02:20.168Z - info: Using extension chrome-pdf
2018-07-26T14:02:20.173Z - info: Using extension phantom-pdf
2018-07-26T14:02:20.227Z - info: Using extension version-control
2018-07-26T14:02:20.253Z - info: Using extension reports
2018-07-26T14:02:20.290Z - info: Using extension text
2018-07-26T14:02:20.291Z - info: Using extension base
2018-07-26T14:02:20.293Z - info: Using extension studio
2018-07-26T14:02:20.410Z - info: Using extension pdf-utils
2018-07-26T14:02:20.586Z - info: Using extension scripts
2018-07-26T14:02:20.652Z - info: Using extension assets
2018-07-26T14:02:20.711Z - info: Using extension scheduling
2018-07-26T14:02:20.742Z - info: Using extension xlsx
2018-07-26T14:02:20.820Z - info: Using extension sample-template
2018-07-26T14:02:20.870Z - debug: Creating samples is disabled
2018-07-26T14:02:20.871Z - info: Using extension resources
2018-07-26T14:02:20.917Z - info: Using extension public-templates
2018-07-26T14:02:20.919Z - debug: Extension public-templates was disabled
2018-07-26T14:02:20.964Z - info: Configuring routes for existing express app.
2018-07-26T14:02:20.981Z - info: Using existing server instance.
2018-07-26T14:02:20.983Z - info: Verifying license key free
2018-07-26T14:02:20.984Z - info: Using free license
2018-07-26T14:02:20.988Z - info: reporter initialized
2018-07-26T14:02:20.999Z - info: Starting rendering request 1 (user: null)
2018-07-26T14:02:21.000Z - info: Rendering anonymous template { recipe: chrome-pdf, engine: handlebars }
2018-07-26T14:02:21.001Z - debug: Inline data specified.
2018-07-26T14:02:21.001Z - debug: Resources not defined for this template.
2018-07-26T14:02:21.014Z - debug: Base url not specified, skipping its injection.
2018-07-26T14:02:21.015Z - debug: Rendering engine handlebars
2018-07-26T14:02:31.041Z - warn: Error when processing render request Timeout error during executing script Error: Timeout error during executing script
    at Timeout._onTimeout (/home/sqleslava/Documentos/Albums/upld/node_modules/script-manager/lib/manager-processes.js:24:8)
    at ontimeout (timers.js:466:11)
    at Timer.unrefdHandle (timers.js:578:5)
